🚀 Starting — Tue May 12 14:44:51 EDT 2026
   TRANSCRIPTS  : /root/public1/Transcripts/NWK/NWK-AWS-Networking/
   OUTPUT       : /root/public1/SG/NWK-AWS-Networking-with-course-v2-inst-v1/
   INSTRUCTIONS : /root/public1/1-Prompts/Study_Guide_from_Trainings.md
   MODEL ID     : KK-CS45-script-v2-Inst-v1
   MAX RETRIES  : 3

══════════════════════════════════════════
  TYPE 1: Section files (N.M pattern)
══════════════════════════════════════════
ℹ️  No N.M-style section files found.

══════════════════════════════════════════
  TYPE 2: Individual session files
══════════════════════════════════════════
📄 Found 8 individual session files.

▶ Processing Session 1 / 8: 01 03 AWS Networking.txt  [14:44:51]
  Output: 01-03-aws-networking.md
WRITTEN: /root/public1/SG/NWK-AWS-Networking-with-course-v2-inst-v1//01-03-aws-networking.md
✅ DONE  Session: 01 03 AWS Networking.txt → 01-03-aws-networking.md

▶ Processing Session 2 / 8: 04 AWs Hands On Playground and VPC Info.txt  [14:51:33]
  Output: 04-aws-hands-on-playground-and-vpc-info.md
WRITTEN: /root/public1/SG/NWK-AWS-Networking-with-course-v2-inst-v1//04-aws-hands-on-playground-and-vpc-info.md
✅ DONE  Session: 04 AWs Hands On Playground and VPC Info.txt → 04-aws-hands-on-playground-and-vpc-info.md

▶ Processing Session 3 / 8: 05 Customized VPC & Private subnet.txt  [14:52:43]
  Output: 05-customized-vpc-private-subnet.md
WRITTEN: /root/public1/SG/NWK-AWS-Networking-with-course-v2-inst-v1//05-customized-vpc-private-subnet.md
✅ DONE  Session: 05 Customized VPC & Private subnet.txt → 05-customized-vpc-private-subnet.md

▶ Processing Session 4 / 8: 06 Sbnet A Sbnet B & Legacy DC.txt  [14:55:58]
  Output: 06-sbnet-a-sbnet-b-legacy-dc.md
