🚀 Starting — Wed May 13 10:33:49 EDT 2026
   TRANSCRIPTS  : /root/public1/Transcripts/Cloud-Concepts/
   OUTPUT       : /root/public1/SG/Cloud-Concepts-SG'/
   INSTRUCTIONS : /root/public1/1-Prompts/Study_Guide_from_Trainings.md
   MODEL ID     : KK-CS45-script-v2
   MAX RETRIES  : 3

══════════════════════════════════════════
  TYPE 1: Section files (N.M pattern)
══════════════════════════════════════════
ℹ️  No N.M-style section files found.

══════════════════════════════════════════
  TYPE 2: Individual session files
══════════════════════════════════════════
📄 Found 108 individual session files.

▶ Processing Session 1 / 108: 001-How-to-Create-VM-GCP-in-Hindi.txt  [10:33:50]
  Output: 001-how-to-create-vm-gcp-in-hindi.md
WRITTEN: /root/public1/SG/Cloud-Concepts-SG'//001-how-to-create-vm-gcp-in-hindi.md
✅ DONE  Session: 001-How-to-Create-VM-GCP-in-Hindi.txt → 001-how-to-create-vm-gcp-in-hindi.md

▶ Processing Session 2 / 108: 002-How-to-Create-Reservation-in-Compute-Engine-GCP-in-Hindi.txt  [10:39:22]
  Output: 002-how-to-create-reservation-in-compute-engine-gcp-in-hindi.md
WRITTEN: /root/public1/SG/Cloud-Concepts-SG'/002-how-to-create-reservation-in-compute-engine-gcp-in-hindi.md
✅ DONE  Session: 002-How-to-Create-Reservation-in-Compute-Engine-GCP-in-Hindi.txt → 002-how-to-create-reservation-in-compute-engine-gcp-in-hindi.md

▶ Processing Session 3 / 108: 003-How-to-Create-Cloud-NATGCP-in-Hindi.txt  [10:42:17]
  Output: 003-how-to-create-cloud-natgcp-in-hindi.md
WRITTEN: /root/public1/SG/Cloud-Concepts-SG'//003-how-to-create-cloud-natgcp-in-hindi.md
✅ DONE  Session: 003-How-to-Create-Cloud-NATGCP-in-Hindi.txt → 003-how-to-create-cloud-natgcp-in-hindi.md

▶ Processing Session 4 / 108: 004-How-to-create-VPC-GCP-in-Hindi.txt  [10:45:26]
  Output: 004-how-to-create-vpc-gcp-in-hindi.md
# Session 004: How to Create VPC in GCP

<details open>
<summary><b>How to Create VPC in GCP (KK-CS45-script-v2)</b></summary>

## Table of Contents
- [Overview](#overview)
- [Key Concepts/Deep Dive](#key-conceptsdeep-dive)
  - [VPC Overview](#vpc-overview)
  - [Subnet Configuration](#subnet-configuration)
  - [Service Accounts and Permissions](#service-accounts-and-permissions)
  - [Traffic Flow and Monitoring](#traffic-flow-and-monitoring)
  - [Regional vs Global Routing](#regional-vs-global-routing)
- [Lab Demo: Creating a VPC in GCP](#lab-demo-creating-a-vpc-in-gcp)
- [Summary](#summary)

## Overview
This session covers the process of creating a Virtual Private Cloud (VPC) in Google Cloud Platform (GCP). You will learn about custom VPC creation, subnet configuration, regional vs global routing options, and key considerations for network security and connectivity. The tutorial walks through the GCP Console steps, explaining service accounts, traffic flow monitoring, and how to choose between regional and global Cloud Router configurations for BGP routing.

### Key Takeaway
Understanding VPC creation in GCP is fundamental for setting up isolated network environments in the cloud, with proper subnetting and routing strategies to ensure secure and efficient resource communication.

## Key Concepts/Deep Dive

### VPC Overview
A Virtual Private Cloud (VPC) in Google Cloud Platform is a virtual network that provides isolated networking for your GCP resources. It allows you to define your own IP address ranges, subnets, and routing rules.

### Subnet Configuration
Subnets are subdivisions of your VPC's IP address space. When creating a custom VPC, you define subnets within specific regions.

- **Region Selection**: Choose regions based on latency, cost, and compliance requirements.
- **IP Address Ranges**: Define CIDR blocks for your subnets (e.g., 10.0.0.0/24).
- **Internal vs External Access**: Configure whether subnets need internet access through NAT gateways or remain private.

### Service Accounts and Permissions
GCP uses service accounts for secure communication between services without requiring external IP addresses.

- **Service Account Roles**: Grant specific permissions to allow services like Compute Engine to access Cloud Storage without internet connectivity.
- **Internal Communication**: Services can communicate securely using private IP addresses within the VPC.

> [!NOTE]
> Service accounts eliminate the need for external IP addresses in many scenarios, reducing security surface area.

### Traffic Flow and Monitoring
Understanding data flow within your VPC is crucial for troubleshooting and optimization.

- **VPC Flow Logs**: Enable logging to monitor traffic patterns and identify security issues.
- **Data Flow Analysis**: Track how data moves between services and subnets.

### Regional vs Global Routing
Cloud Router in GCP can be configured as regional or global, affecting how BGP routes are advertised.

- **Regional Cloud Router**: Routes are learned and advertised only within the same region as the VPC.
- **Global Cloud Router**: Routes are learned across all regions in your VPC, enabling cross-region subnet communication.

#### Regional Routing High-Level Flow
```mermaid
graph TD
    A[VPC in Region X] --> B[Regional Cloud Router]
    B --> C[Subnets in Region X only]
    D[Cloud Router for Region X] --> E[BGP Routes to/from Region X gateways]
```

#### Global Routing High-Level Flow
```mermaid
graph TD
    A[VPC Across Regions] --> B[Global Cloud Router]
    B --> C[Subnets in Region X]
    B --> D[Subnets in Region Y]
    B --> E[Subnets in Region Z]
    F[Global Router] --> G[BGP Routes across all regions & subnets]
```

> [!IMPORTANT]
> Choose global routing when you need cross-region communication. Regional routing is simpler and cheaper but limits connectivity to a single region.

## Lab Demo: Creating a VPC in GCP

### Step 1: Access GCP Console
1. Log in to your Google Account
2. Navigate to the Google Cloud Console

### Step 2: Create Custom VPC
1. Go to VPC Network > VPC Networks > Create VPC Network
2. Choose "Custom" (instead of automatic)
3. Name your VPC (e.g., my-custom-vpc)

### Step 3: Configure Subnet
1. Click "Create" in the Subnets section
2. Name: Subnet 1 (or descriptive name)
3. Region: Select asia-south1 (Asia South)
4. IP address range: 10.0.0.0/24 (or your preferred CIDR)
5. Set internal/external IP requirements
6. Enable/disable subnet-level access controls

### Step 4: Set Up Routing
1. Choose Regional or Global:
   - Regional: Routes only within selected region
   - Global: Routes across all regions in the VPC

### Step 5: Configure Service Accounts and Security
1. For services needing communication:
   - Assign appropriate service accounts with required permissions
   - Ensure IAM roles allow internal network access

### Step 6: Enable Traffic Monitoring
1. Enable VPC Flow Logs if needed for monitoring data flow
2. Set log sampling rates and filters

### Step 7: Review and Create
1. Review all configurations
2. Click "Create" to provision the VPC

## Summary

### Key Takeaways
```diff
+ Custom VPC creation allows full control over network architecture
+ Choose regional routing for single-region deployments, global for multi-region
+ Service accounts enable secure internal communication without external IPs
+ VPC Flow Logs provide visibility into traffic patterns for security and troubleshooting
- Avoid automatic VPC configurations for production environments
! Always verify IP ranges to prevent overlap with existing networks
```

### Quick Reference
- **VPC Creation**: Google Cloud Console > VPC Network > VPC Networks > Create VPC Network
- **Region Options**: asia-south1 (Asia South), useast1, etc.
- **Subnet CIDR**: 10.0.0.0/24, 172.16.0.0/24, etc.
- **Cloud Router Scope**: --regional or --global

### Expert Insight

#### Real-World Application
In production, use custom VPCs with global routing for services distributed across multiple regions (e.g., global e-commerce platform). Regional VPCs are ideal for region-specific compliance or cost optimization.

#### Expert Path
- Study BGP routing concepts and how Cloud Router implements them
- Experiment with Shared VPCs for multi-project network architectures
- Integrate with Cloud VPN/Interconnect for hybrid connectivity

#### Common Pitfalls
- IP range conflicts when creating multiple subnets
- Choosing regional routing when global connectivity is required (causes routing failure between regions)
- Over-permissive service account roles leading to security risks
- Forgetting to enable VPC Flow Logs for essential monitoring

</details>
⚠️  File not found after attempt 1 — Session: 004-How-to-create-VPC-GCP-in-Hindi.txt
🔄 Retry 2 / 3 — Session: 004-How-to-create-VPC-GCP-in-Hindi.txt
WRITTEN: /root/public1/SG/Cloud-Concepts-SG'//004-how-to-create-vpc-gcp-in-hindi.md
✅ DONE  Session: 004-How-to-create-VPC-GCP-in-Hindi.txt → 004-how-to-create-vpc-gcp-in-hindi.md

▶ Processing Session 5 / 108: 005-How-To-Create-a-Bucket-GCP-in-Hindi.txt  [10:52:15]
  Output: 005-how-to-create-a-bucket-gcp-in-hindi.md
xr-xr-x 1 root root 8.4K May 13 13:51 /root/public1/SG/Cloud-Concepts-SG'//005-how-to-create-a-bucket-gcp-in-hindi.md

WRITTEN: /root/public1/SG/Cloud-Concepts-SG'//005-how-to-create-a-bucket-gcp-in-hindi.md
✅ DONE  Session: 005-How-To-Create-a-Bucket-GCP-in-Hindi.txt → 005-how-to-create-a-bucket-gcp-in-hindi.md

▶ Processing Session 6 / 108: 006-How-To-use-Private-Google-Access-GCP-in-Hindi.txt  [10:55:20]
  Output: 006-how-to-use-private-google-access-gcp-in-hindi.md
-r------------------r--r-- 1 root root 7.9K May 13 10:58 /root/public1/SG/Cloud-Concepts-SG'//006-how-to-use-private-google-access-gcp-in-hindi.md
WRITTEN: /root/public1/SG/Cloud-Concepts-SG'//006-how-to-use-private-google-access-gcp-in-hindi.md
✅ DONE  Session: 006-How-To-use-Private-Google-Access-GCP-in-Hindi.txt → 006-how-to-use-private-google-access-gcp-in-hindi.md

▶ Processing Session 7 / 108: 007-How-to-create-Firewall-rule-and-use-them-GCP-in-Hindi.txt  [11:04:48]
  Output: 007-how-to-create-firewall-rule-and-use-them-gcp-in-hindi.md
WRITTEN: /root/public1/SG/Cloud-Concepts-SG'//007-how-to-create-firewall-rule-and-use-them-gcp-in-hindi.md
✅ DONE  Session: 007-How-to-create-Firewall-rule-and-use-them-GCP-in-Hindi.txt → 007-how-to-create-firewall-rule-and-use-them-gcp-in-hindi.md

▶ Processing Session 8 / 108: 008-How-to-create-a-Instance-Template-GCP-in-Hindi.-Part1-.txt  [11:08:04]
  Output: 008-how-to-create-a-instance-template-gcp-in-hindi-part1.md
-rw-r--r-- 1 root root 8.1K May 13 02:03 /root/public1/SG/Cloud-Concepts-SG'//008-how-to-create-a-instance-template-gcp-in-hindi-part1.md
WRITTEN: /root/public1/SG/Cloud-Concepts-SG'//008-how-to-create-a-instance-template-gcp-in-hindi-part1.md
✅ DONE  Session: 008-How-to-create-a-Instance-Template-GCP-in-Hindi.-Part1-.txt → 008-how-to-create-a-instance-template-gcp-in-hindi-part1.md

▶ Processing Session 9 / 108: 009-Simulating-a-Host-maintenance-EventGCP-in-Hindi.txt  [11:11:06]
  Output: 009-simulating-a-host-maintenance-eventgcp-in-hindi.md
