🚀 Starting — Tue Jun 30 20:34:13 EDT 2026
   TRANSCRIPTS  : /root/public1/Transcripts/Oreilly-Transcripts/GitEssentials-GH-Ninja-KalobT/
   OUTPUT       : /root/public1/SG-Oreilly/GitEssentials-GH-Ninja-KalobT-cv2-iv1/
   INSTRUCTIONS : /root/public1/1-Prompts/Study_Guide_Workflow_Instructions.md
   MODEL ID     : KK-CS45-script-v2-Inst-v1
   MAX RETRIES  : 3

══════════════════════════════════════════
  TYPE 1: Section files (N.M pattern)
══════════════════════════════════════════
ℹ️  No N.M-style section files found.

══════════════════════════════════════════
  TYPE 2: Individual session files
══════════════════════════════════════════
📄 Found 49 individual session files.

▶ Processing Session 1 / 49: 01-Begin.txt  [20:34:14]
  Output: 01-begin.md
(no content)
✅ DONE  Session: 01-Begin.txt → 01-begin.md

▶ Processing Session 2 / 49: 02-Welcome-to-Git-Essentials.txt  [20:34:37]
  Output: 02-welcome-to-git-essentials.md
(no content)
✅ DONE  Session: 02-Welcome-to-Git-Essentials.txt → 02-welcome-to-git-essentials.md

▶ Processing Session 3 / 49: 03-Why-the-command-line-.txt  [20:35:05]
  Output: 03-why-the-command-line.md
(no content)
✅ DONE  Session: 03-Why-the-command-line-.txt → 03-why-the-command-line.md

▶ Processing Session 4 / 49: 04-Installing-Git-Windows-Only-.txt  [20:35:38]
  Output: 04-installing-git-windows-only.md
WRITTEN: /root/public1/SG-Oreilly/GitEssentials-GH-Ninja-KalobT-cv2-iv1//04-installing-git-windows-only.md
✅ DONE  Session: 04-Installing-Git-Windows-Only-.txt → 04-installing-git-windows-only.md

▶ Processing Session 5 / 49: 05-Installing-Git-MacOS-and-Linux-.txt  [20:36:07]
  Output: 05-installing-git-macos-and-linux.md
WRITTEN: /root/public1/SG-Oreilly/GitEssentials-GH-Ninja-KalobT-cv2-iv1//05-installing-git-macos-and-linux.md
✅ DONE  Session: 05-Installing-Git-MacOS-and-Linux-.txt → 05-installing-git-macos-and-linux.md

▶ Processing Session 6 / 49: 06-Getting-started-with-GitHub.txt  [20:36:37]
  Output: 06-getting-started-with-github.md
WRITTEN: /root/public1/SG-Oreilly/GitEssentials-GH-Ninja-KalobT-cv2-iv1//06-getting-started-with-github.md
✅ DONE  Session: 06-Getting-started-with-GitHub.txt → 06-getting-started-with-github.md

▶ Processing Session 7 / 49: 07-Configuring-Git-on-Your-Computer.txt  [20:37:13]
  Output: 07-configuring-git-on-your-computer.md
(no content)
✅ DONE  Session: 07-Configuring-Git-on-Your-Computer.txt → 07-configuring-git-on-your-computer.md

▶ Processing Session 8 / 49: 08-Creating-and-Adding-an-SSH-Key.txt  [20:37:48]
  Output: 08-creating-and-adding-an-ssh-key.md
WRITTEN: /root/public1/SG-Oreilly/GitEssentials-GH-Ninja-KalobT-cv2-iv1/08-creating-and-adding-an-ssh-key.md
✅ DONE  Session: 08-Creating-and-Adding-an-SSH-Key.txt → 08-creating-and-adding-an-ssh-key.md

▶ Processing Session 9 / 49: 09-How-to-Clone-a-Repository.txt  [20:38:27]
  Output: 09-how-to-clone-a-repository.md
(no content)
✅ DONE  Session: 09-How-to-Clone-a-Repository.txt → 09-how-to-clone-a-repository.md

▶ Processing Session 10 / 49: 10-What-is-Cloning,-Anyway-.txt  [20:39:00]
  Output: 10-what-is-cloning-anyway.md
(no content)
✅ DONE  Session: 10-What-is-Cloning,-Anyway-.txt → 10-what-is-cloning-anyway.md

▶ Processing Session 11 / 49: 11-How-to-Create-a-New-Repository-on-GitHub.txt  [20:39:26]
  Output: 11-how-to-create-a-new-repository-on-github.md
(no content)
✅ DONE  Session: 11-How-to-Create-a-New-Repository-on-GitHub.txt → 11-how-to-create-a-new-repository-on-github.md

▶ Processing Session 12 / 49: 12-How-to-Push-to-Your-GitHub-Repository.txt  [20:39:59]
  Output: 12-how-to-push-to-your-github-repository.md
(no content)
✅ DONE  Session: 12-How-to-Push-to-Your-GitHub-Repository.txt → 12-how-to-push-to-your-github-repository.md

▶ Processing Session 13 / 49: 13-Git-Status.txt  [20:40:32]
  Output: 13-git-status.md
(no content)
✅ DONE  Session: 13-Git-Status.txt → 13-git-status.md

▶ Processing Session 14 / 49: 14-Unstaging-a-File.txt  [20:41:03]
  Output: 14-unstaging-a-file.md
(no content)
✅ DONE  Session: 14-Unstaging-a-File.txt → 14-unstaging-a-file.md

▶ Processing Session 15 / 49: 15-Undeleting-a-File.txt  [20:41:34]
  Output: 15-undeleting-a-file.md
(no content)
✅ DONE  Session: 15-Undeleting-a-File.txt → 15-undeleting-a-file.md

▶ Processing Session 16 / 49: 16-Git-Origins-and-Remotes.txt  [20:42:05]
  Output: 16-git-origins-and-remotes.md
(no content)
✅ DONE  Session: 16-Git-Origins-and-Remotes.txt → 16-git-origins-and-remotes.md

▶ Processing Session 17 / 49: 17-Git-Branching.txt  [20:42:39]
  Output: 17-git-branching.md
(no content)
✅ DONE  Session: 17-Git-Branching.txt → 17-git-branching.md

▶ Processing Session 18 / 49: 18-Committing-to-a-New-Branch.txt  [20:43:11]
  Output: 18-committing-to-a-new-branch.md
WRITTEN: /root/public1/SG-Oreilly/GitEssentials-GH-Ninja-KalobT-cv2-iv1//18-committing-to-a-new-branch.md
✅ DONE  Session: 18-Committing-to-a-New-Branch.txt → 18-committing-to-a-new-branch.md

▶ Processing Session 19 / 49: 19-Merging-Branch-into-Master.txt  [20:43:43]
  Output: 19-merging-branch-into-master.md
(no content)
✅ DONE  Session: 19-Merging-Branch-into-Master.txt → 19-merging-branch-into-master.md

▶ Processing Session 20 / 49: 20-Seeing-Your-Git-History.txt  [20:44:16]
  Output: 20-seeing-your-git-history.md
