🚀 Starting — Tue May 26 17:07:24 EDT 2026
   TRANSCRIPTS  : /root/public1/Transcripts/YTB/ytb-EAR-AWS-300-Interview-QnA/
   OUTPUT       : /root/public1/SG/ytb-EAR-AWS-300-Interview-QnA/
   INSTRUCTIONS : /root/public1/1-Prompts/Interview-QnA.txt
   MODEL ID     : KK-CS45-script-v2-Interview
   MAX RETRIES  : 3

══════════════════════════════════════════
  TYPE 1: Section files (N.M pattern)
══════════════════════════════════════════
ℹ️  No N.M-style section files found.

══════════════════════════════════════════
  TYPE 2: Individual session files
══════════════════════════════════════════
📄 Found 10 individual session files.

▶ Processing Session 1 / 10: AWS 300+ Realtime Scenario based Interview questions and answers explained in detail - Part - 3.txt  [17:07:24]
  Output: aws-300-realtime-scenario-based-interview-questions-and-answers-explained-in-detail-part-3.md
(no content)
⚠️  File not found after attempt 1 — Session: AWS 300+ Realtime Scenario based Interview questions and answers explained in detail - Part - 3.txt
🔄 Retry 2 / 3 — Session: AWS 300+ Realtime Scenario based Interview questions and answers explained in detail - Part - 3.txt
WRITTEN: /root/public1/SG/ytb-EAR-AWS-300-Interview-QnA//aws-300-realtime-scenario-based-interview-questions-and-answers-explained-in-detail-part-3.md
✅ DONE  Session: AWS 300+ Realtime Scenario based Interview questions and answers explained in detail - Part - 3.txt → aws-300-realtime-scenario-based-interview-questions-and-answers-explained-in-detail-part-3.md

▶ Processing Session 2 / 10: AWS 300+ Realtime Scenario based Interview questions and answers explained in detail - Part - 4.txt  [17:08:06]
  Output: aws-300-realtime-scenario-based-interview-questions-and-answers-explained-in-detail-part-4.md
(no content)
✅ DONE  Session: AWS 300+ Realtime Scenario based Interview questions and answers explained in detail - Part - 4.txt → aws-300-realtime-scenario-based-interview-questions-and-answers-explained-in-detail-part-4.md

▶ Processing Session 3 / 10: AWS 300+ Realtime scenario based Interview questions and answers explained in detail - Part - 1.txt  [17:08:29]
  Output: aws-300-realtime-scenario-based-interview-questions-and-answers-explained-in-detail-part-1.md
(no content)
✅ DONE  Session: AWS 300+ Realtime scenario based Interview questions and answers explained in detail - Part - 1.txt → aws-300-realtime-scenario-based-interview-questions-and-answers-explained-in-detail-part-1.md

▶ Processing Session 4 / 10: AWS 300+ Realtime scenario based Interview questions and answers explained in detail - Part - 2.txt  [17:09:05]
  Output: aws-300-realtime-scenario-based-interview-questions-and-answers-explained-in-detail-part-2.md
(no content)
✅ DONE  Session: AWS 300+ Realtime scenario based Interview questions and answers explained in detail - Part - 2.txt → aws-300-realtime-scenario-based-interview-questions-and-answers-explained-in-detail-part-2.md

▶ Processing Session 5 / 10: AWS 300+ Realtime scenario based Interview questions and answers explained in detail - Part - 5.txt  [17:09:39]
  Output: aws-300-realtime-scenario-based-interview-questions-and-answers-explained-in-detail-part-5.md
(no content)
✅ DONE  Session: AWS 300+ Realtime scenario based Interview questions and answers explained in detail - Part - 5.txt → aws-300-realtime-scenario-based-interview-questions-and-answers-explained-in-detail-part-5.md

▶ Processing Session 6 / 10: AWS 300+ Realtime scenario based Interview questions and answers explained in detail - Part - 6.txt  [17:10:03]
  Output: aws-300-realtime-scenario-based-interview-questions-and-answers-explained-in-detail-part-6.md
(no content)
✅ DONE  Session: AWS 300+ Realtime scenario based Interview questions and answers explained in detail - Part - 6.txt → aws-300-realtime-scenario-based-interview-questions-and-answers-explained-in-detail-part-6.md

▶ Processing Session 7 / 10: AWS 300+ Realtime scenario based Interview questions and answers explained in detail - Part - 7.txt  [17:10:24]
  Output: aws-300-realtime-scenario-based-interview-questions-and-answers-explained-in-detail-part-7.md
WRITTEN: /root/public1/SG/ytb-EAR-AWS-300-Interview-QnA//aws-300-realtime-scenario-based-interview-questions-and-answers-explained-in-detail-part-7.md
✅ DONE  Session: AWS 300+ Realtime scenario based Interview questions and answers explained in detail - Part - 7.txt → aws-300-realtime-scenario-based-interview-questions-and-answers-explained-in-detail-part-7.md

▶ Processing Session 8 / 10: AWS interview Question.How to create vpc peering across region.  #aws #linux #abhrosh #shorts.txt  [17:10:55]
  Output: aws-interview-question-how-to-create-vpc-peering-across-region-aws-linux-abhrosh-shorts.md
(no content)
✅ DONE  Session: AWS interview Question.How to create vpc peering across region.  #aws #linux #abhrosh #shorts.txt → aws-interview-question-how-to-create-vpc-peering-across-region-aws-linux-abhrosh-shorts.md

▶ Processing Session 9 / 10: This AWS Interview Question Rejects Most Candidates #linux #aws #abhrosh #shorts.txt  [17:11:13]
  Output: this-aws-interview-question-rejects-most-candidates-linux-aws-abhrosh-shorts.md
(no content)
✅ DONE  Session: This AWS Interview Question Rejects Most Candidates #linux #aws #abhrosh #shorts.txt → this-aws-interview-question-rejects-most-candidates-linux-aws-abhrosh-shorts.md

▶ Processing Session 10 / 10: This AWS interview Question Saves Production Servers #aws #linux #abhrosh #shorts.txt  [17:11:32]
  Output: this-aws-interview-question-saves-production-servers-aws-linux-abhrosh-shorts.md
(no content)
✅ DONE  Session: This AWS interview Question Saves Production Servers #aws #linux #abhrosh #shorts.txt → this-aws-interview-question-saves-production-servers-aws-linux-abhrosh-shorts.md

═══════════════════════════════════
  ✅ Done:    10
  ⏭  Skipped: 0
  ❌ Failed:  0
  📋 Log:     /root/public1/SG/ytb-EAR-AWS-300-Interview-QnA//process_course.log
═══════════════════════════════════
