🚀 Starting — Tue Jun 30 00:33:22 EDT 2026
   TRANSCRIPTS  : /root/public1/Transcripts/Oreilly-Transcripts/GH-Fundamentals-AlfredoD/
   OUTPUT       : /root/public1/SG-Oreilly/GH-Fundamentals-AlfredoD-cv2-iv1/
   INSTRUCTIONS : /root/public1/1-Prompts/Study_Guide_Workflow_Instructions.md
   MODEL ID     : KK-CS45-script-v2-Inst-v1
   MAX RETRIES  : 3

══════════════════════════════════════════
  TYPE 1: Section files (N.M pattern)
══════════════════════════════════════════
ℹ️  No N.M-style section files found.

══════════════════════════════════════════
  TYPE 2: Individual session files
══════════════════════════════════════════
📄 Found 66 individual session files.

▶ Processing Session 1 / 66: 01-Begin.txt  [00:33:23]
  Output: 01-begin.md
WRITTEN: /root/public1/SG-Oreilly/GH-Fundamentals-AlfredoD-cv2-iv1/01-begin.md
✅ DONE  Session: 01-Begin.txt → 01-begin.md

▶ Processing Session 2 / 66: 01-Introduction.txt  [00:34:29]
  Output: 01-introduction.md
**Task completed successfully.**

- File written: `/root/public1/SG-Oreilly/GH-Fundamentals-AlfredoD-cv2-iv1/01-introduction.md`
- File size: 2.9K
- Status: File exists on disk and verified

WRITTEN: /root/public1/SG-Oreilly/GH-Fundamentals-AlfredoD-cv2-iv1/01-introduction.md
✅ DONE  Session: 01-Introduction.txt → 01-introduction.md

▶ Processing Session 3 / 66: 01-Meet-Your-Instructor.txt  [00:35:55]
  Output: 01-meet-your-instructor.md
🚀 Starting — Tue Jun 30 10:25:01 EDT 2026
   TRANSCRIPTS  : /root/public1/Transcripts/Oreilly-Transcripts/GH-Fundamentals-AlfredoD/
   OUTPUT       : /root/public1/SG-Oreilly/GH-Fundamentals-AlfredoD-cv2-iv1/
   INSTRUCTIONS : /root/public1/1-Prompts/Study_Guide_Workflow_Instructions.md
   MODEL ID     : KK-CS45-script-v2-Inst-v1
   MAX RETRIES  : 3

══════════════════════════════════════════
  TYPE 1: Section files (N.M pattern)
══════════════════════════════════════════
ℹ️  No N.M-style section files found.

══════════════════════════════════════════
  TYPE 2: Individual session files
══════════════════════════════════════════
📄 Found 66 individual session files.
⏭️  SKIP  01-begin.md (exists)
⏭️  SKIP  01-introduction.md (exists)
⏭️  SKIP  01-meet-your-instructor.md (exists)

▶ Processing Session 4 / 66: 02-About-This-Course.txt  [10:25:01]
  Output: 02-about-this-course.md
(no content)
✅ DONE  Session: 02-About-This-Course.txt → 02-about-this-course.md

▶ Processing Session 5 / 66: 02-Core-Components-Of-Issues.txt  [10:25:31]
  Output: 02-core-components-of-issues.md
(no content)
✅ DONE  Session: 02-Core-Components-Of-Issues.txt → 02-core-components-of-issues.md

▶ Processing Session 6 / 66: 02-Repository-Options-For-Creation.txt  [10:26:02]
  Output: 02-repository-options-for-creation.md
WRITTEN: /root/public1/SG-Oreilly/GH-Fundamentals-AlfredoD-cv2-iv1//02-repository-options-for-creation.md
✅ DONE  Session: 02-Repository-Options-For-Creation.txt → 02-repository-options-for-creation.md

▶ Processing Session 7 / 66: 02-What-Is-Markdown.txt  [10:26:38]
  Output: 02-what-is-markdown.md
(no content)
✅ DONE  Session: 02-What-Is-Markdown.txt → 02-what-is-markdown.md

▶ Processing Session 8 / 66: 03-Basic-Formatting.txt  [10:27:15]
  Output: 03-basic-formatting.md
(no content)
✅ DONE  Session: 03-Basic-Formatting.txt → 03-basic-formatting.md

▶ Processing Session 9 / 66: 03-Initializing-Without-Files.txt  [10:27:40]
  Output: 03-initializing-without-files.md
(no content)
✅ DONE  Session: 03-Initializing-Without-Files.txt → 03-initializing-without-files.md

▶ Processing Session 10 / 66: 03-Introduction.txt  [10:28:15]
  Output: 03-introduction.md
WRITTEN: /root/public1/SG-Oreilly/GH-Fundamentals-AlfredoD-cv2-iv1//03-introduction.md
✅ DONE  Session: 03-Introduction.txt → 03-introduction.md

▶ Processing Session 11 / 66: 03-Labels-And-Assignment.txt  [10:28:39]
  Output: 03-labels-and-assignment.md
(no content)
✅ DONE  Session: 03-Labels-And-Assignment.txt → 03-labels-and-assignment.md

▶ Processing Session 12 / 66: 04-Deleting-A-Repository.txt  [10:29:10]
  Output: 04-deleting-a-repository.md
WRITTEN: /root/public1/SG-Oreilly/GH-Fundamentals-AlfredoD-cv2-iv1//04-deleting-a-repository.md
✅ DONE  Session: 04-Deleting-A-Repository.txt → 04-deleting-a-repository.md

▶ Processing Session 13 / 66: 04-Referencing-And-Cross-Referencing.txt  [10:29:48]
  Output: 04-referencing-and-cross-referencing.md
(no content)
✅ DONE  Session: 04-Referencing-And-Cross-Referencing.txt → 04-referencing-and-cross-referencing.md

▶ Processing Session 14 / 66: 04-Verifying-Correctness.txt  [10:30:17]
  Output: 04-verifying-correctness.md
