🚀 Starting — Tue May 26 15:35:47 EDT 2026
   TRANSCRIPTS  : /root/public1/Transcripts/YTB/ytb-TechWithAjit-Interview-QnA/
   OUTPUT       : /root/public1/SG/ytb-TechWithAjit-Interview-QnA/
   INSTRUCTIONS : /root/public1/1-Prompts/Interview-QnA.txt
   MODEL ID     : KK-CS45-script-v2-Interview
   MAX RETRIES  : 3

══════════════════════════════════════════
  TYPE 1: Section files (N.M pattern)
══════════════════════════════════════════
ℹ️  No N.M-style section files found.

══════════════════════════════════════════
  TYPE 2: Individual session files
══════════════════════════════════════════
ℹ️  No individual session files found.

═══════════════════════════════════
  ✅ Done:    0
  ⏭  Skipped: 0
  ❌ Failed:  0
  📋 Log:     /root/public1/SG/ytb-TechWithAjit-Interview-QnA//process_course.log
═══════════════════════════════════
🚀 Starting — Tue May 26 15:39:29 EDT 2026
   TRANSCRIPTS  : /root/public1/Transcripts/YTB/ytb-TechWithAjit-Interview-QnA/
   OUTPUT       : /root/public1/SG/ytb-TechWithAjit-Interview-QnA/
   INSTRUCTIONS : /root/public1/1-Prompts/Interview-QnA.txt
   MODEL ID     : KK-CS45-script-v2-Interview
   MAX RETRIES  : 3

══════════════════════════════════════════
  TYPE 1: Section files (N.M pattern)
══════════════════════════════════════════
ℹ️  No N.M-style section files found.

══════════════════════════════════════════
  TYPE 2: Individual session files
══════════════════════════════════════════
ℹ️  No individual session files found.

═══════════════════════════════════
  ✅ Done:    0
  ⏭  Skipped: 0
  ❌ Failed:  0
  📋 Log:     /root/public1/SG/ytb-TechWithAjit-Interview-QnA//process_course.log
═══════════════════════════════════
🚀 Starting — Tue May 26 15:41:20 EDT 2026
   TRANSCRIPTS  : /root/public1/Transcripts/YTB/ytb-TechWithAjit-Interview-QnA/
   OUTPUT       : /root/public1/SG/ytb-TechWithAjit-Interview-QnA/
   INSTRUCTIONS : /root/public1/1-Prompts/Interview-QnA.txt
   MODEL ID     : KK-CS45-script-v2-Interview
   MAX RETRIES  : 3

══════════════════════════════════════════
  TYPE 1: Section files (N.M pattern)
══════════════════════════════════════════
ℹ️  No N.M-style section files found.

══════════════════════════════════════════
  TYPE 2: Individual session files
══════════════════════════════════════════
📄 Found 9 individual session files.

▶ Processing Session 1 / 9: AWS-API-GW-vs-ALB-99u8NLD1qNI-.en.txt  [15:41:20]
  Output: aws-api-gw-vs-alb-99u8nld1qni-en.md

✅ DONE  Session: AWS-API-GW-vs-ALB-99u8NLD1qNI-.en.txt → aws-api-gw-vs-alb-99u8nld1qni-en.md

▶ Processing Session 2 / 9: Kubernetes-best-practices-Sr.-Cloud-DevOps-Interview-devopsengineer-LicyxE2FbpM-.en.txt  [15:41:44]
  Output: kubernetes-best-practices-sr-cloud-devops-interview-devopsengineer-licyxe2fbpm-en.md
WRITTEN: /root/public1/SG/ytb-TechWithAjit-Interview-QnA//kubernetes-best-practices-sr-cloud-devops-interview-devopsengineer-licyxe2fbpm-en.md
✅ DONE  Session: Kubernetes-best-practices-Sr.-Cloud-DevOps-Interview-devopsengineer-LicyxE2FbpM-.en.txt → kubernetes-best-practices-sr-cloud-devops-interview-devopsengineer-licyxe2fbpm-en.md
