🚀 Starting — Tue Jun  2 14:01:32 EDT 2026
   TRANSCRIPTS  : /root/public1/Transcripts/YTB/ytb-DevOpsEasy-Int-QnA/
   OUTPUT       : /root/public1/SG/ytb-DevOpsEasy-Int-QnA/
   INSTRUCTIONS : /root/public1/1-Prompts/Interview-QnA.txt
   MODEL ID     : KK-CS45-script-v2-Interview
   MAX RETRIES  : 3

══════════════════════════════════════════
  TYPE 1: Section files (N.M pattern)
══════════════════════════════════════════
ℹ️  No N.M-style section files found.

══════════════════════════════════════════
  TYPE 2: Individual session files
══════════════════════════════════════════
📄 Found 196 individual session files.

▶ Processing Session 1 / 196: Day-001-Devops-Easy--NwdYdxb_Xg.txt  [14:01:34]
  Output: day-001-devops-easy-nwdydxb-xg.md
(no content)
✅ DONE  Session: Day-001-Devops-Easy--NwdYdxb_Xg.txt → day-001-devops-easy-nwdydxb-xg.md

▶ Processing Session 2 / 196: Day-002--Devops-Easy-6vSSnIgRl7c.txt  [14:02:54]
  Output: day-002-devops-easy-6vssnigrl7c.md
(no content)
✅ DONE  Session: Day-002--Devops-Easy-6vSSnIgRl7c.txt → day-002-devops-easy-6vssnigrl7c.md

▶ Processing Session 3 / 196: Day-003--Devops-Easy-7BBgRdFY4-s.txt  [14:04:32]
  Output: day-003-devops-easy-7bbgrdfy4-s.md
