🚀 Starting — Tue Jun 30 16:05:06 EDT 2026
   TRANSCRIPTS  : /root/public1/Transcripts/Oreilly-Transcripts/Git-Github-BCamp-YogeshR/
   OUTPUT       : /root/public1/SG-Oreilly/Git-Github-BCamp-YogeshR-cv2-iv1/
   INSTRUCTIONS : /root/public1/1-Prompts/Study_Guide_Workflow_Instructions.md
   MODEL ID     : KK-CS45-script-v2-Inst-v1
   MAX RETRIES  : 3

══════════════════════════════════════════
  TYPE 1: Section files (N.M pattern)
══════════════════════════════════════════
ℹ️  No N.M-style section files found.

══════════════════════════════════════════
  TYPE 2: Individual session files
══════════════════════════════════════════
📄 Found 57 individual session files.

▶ Processing Session 1 / 57: 01-Begin.txt  [16:05:07]
  Output: 01-begin.md
(no content)
✅ DONE  Session: 01-Begin.txt → 01-begin.md

▶ Processing Session 2 / 57: 02-Introduction.txt  [16:05:32]
  Output: 02-introduction.md
WRITTEN: /root/public1/SG-Oreilly/Git-Github-BCamp-YogeshR-cv2-iv1//02-introduction.md
✅ DONE  Session: 02-Introduction.txt → 02-introduction.md

▶ Processing Session 3 / 57: 03-Section-Introduction.txt  [16:05:57]
  Output: 03-section-introduction.md
(no content)
✅ DONE  Session: 03-Section-Introduction.txt → 03-section-introduction.md

▶ Processing Session 4 / 57: 04-Introduction-to-Versioning,-Version-Control-System-VCS-Source-Code-Management-SCM-.txt  [16:06:27]
  Output: 04-introduction-to-versioning-version-control-system-vcs-source-code-management-scm.md
WRITTEN: /root/public1/SG-Oreilly/Git-Github-BCamp-YogeshR-cv2-iv1//04-introduction-to-versioning-version-control-system-vcs-source-code-management-scm.md
✅ DONE  Session: 04-Introduction-to-Versioning,-Version-Control-System-VCS-Source-Code-Management-SCM-.txt → 04-introduction-to-versioning-version-control-system-vcs-source-code-management-scm.md

▶ Processing Session 5 / 57: 05-Version-Control-Systems-Types-CVCS-DVCS.txt  [16:07:04]
  Output: 05-version-control-systems-types-cvcs-dvcs.md
(no content)
✅ DONE  Session: 05-Version-Control-Systems-Types-CVCS-DVCS.txt → 05-version-control-systems-types-cvcs-dvcs.md

▶ Processing Session 6 / 57: 06-Section-Introduction.txt  [16:07:31]
  Output: 06-section-introduction.md
All steps completed successfully. The study guide has been created and written to disk.
✅ DONE  Session: 06-Section-Introduction.txt → 06-section-introduction.md

▶ Processing Session 7 / 57: 07-Getting-Started-with-Git.txt  [16:08:05]
  Output: 07-getting-started-with-git.md
(no content)
✅ DONE  Session: 07-Getting-Started-with-Git.txt → 07-getting-started-with-git.md

▶ Processing Session 8 / 57: 08-Demonstration-Installing-Git-on-Windows.txt  [16:08:34]
  Output: 08-demonstration-installing-git-on-windows.md
(no content)
✅ DONE  Session: 08-Demonstration-Installing-Git-on-Windows.txt → 08-demonstration-installing-git-on-windows.md

▶ Processing Session 9 / 57: 09-Demonstration-Installing-Git-on-macOS.txt  [16:09:09]
  Output: 09-demonstration-installing-git-on-macos.md
WRITTEN: /root/public1/SG-Oreilly/Git-Github-BCamp-YogeshR-cv2-iv1//09-demonstration-installing-git-on-macos.md
✅ DONE  Session: 09-Demonstration-Installing-Git-on-macOS.txt → 09-demonstration-installing-git-on-macos.md

▶ Processing Session 10 / 57: 10-Demonstration-Installing-Configuring-Git-on-Linux.txt  [16:09:40]
  Output: 10-demonstration-installing-configuring-git-on-linux.md
Task completed successfully. The study guide has been created and written to disk.
✅ DONE  Session: 10-Demonstration-Installing-Configuring-Git-on-Linux.txt → 10-demonstration-installing-configuring-git-on-linux.md

▶ Processing Session 11 / 57: 11-Git-Architecture-Key-Concepts.txt  [16:10:18]
  Output: 11-git-architecture-key-concepts.md
